0 silly argv {
0 silly argv   _: [ 'version' ],
0 silly argv   yes: true,
0 silly argv   y: true,
0 silly argv   lernaVersion: '8.2.2',
0 silly argv   '$0': 'node_modules\\lerna\\dist\\cli.js'
0 silly argv }
1 notice cli v8.2.2
2 verbose packageConfigs Explicit "packages" configuration found in lerna.json. Resolving packages using the configured glob(s): ["libs/*"]
3 verbose rootPath C:\repos\cheese-grater
4 info versioning independent
5 silly isAnythingCommitted
6 verbose isAnythingCommitted 1
7 silly getCurrentBranch
8 verbose currentBranch master
9 silly remoteBranchExists
10 silly isBehindUpstream
11 silly isBehindUpstream master is behind origin/master by 0 commit(s) and ahead by 0
12 silly hasTags
13 verbose hasTags true
14 silly git-describe.sync "@vaenthecheesegrater/grid@0.0.6-4-gc46510c" => {"lastTagName":"@vaenthecheesegrater/grid@0.0.6","lastVersion":"0.0.6","refCount":"4","sha":"c46510c","isDirty":false}
15 info Looking for changed packages since @vaenthecheesegrater/grid@0.0.6
16 silly checking diff libs/grid
17 silly found diff in libs/grid/CHANGELOG.md
17 silly found diff in libs/grid/jest.config.ts
17 silly found diff in libs/grid/ng-package.json
17 silly found diff in libs/grid/package.json
17 silly found diff in libs/grid/project.json
17 silly found diff in libs/grid/tsconfig.json
17 silly found diff in libs/grid/tsconfig.lib.json
17 silly found diff in libs/grid/tsconfig.spec.json
18 verbose filtered diff [
18 verbose filtered diff   'libs/grid/CHANGELOG.md',
18 verbose filtered diff   'libs/grid/jest.config.ts',
18 verbose filtered diff   'libs/grid/ng-package.json',
18 verbose filtered diff   'libs/grid/package.json',
18 verbose filtered diff   'libs/grid/project.json',
18 verbose filtered diff   'libs/grid/tsconfig.json',
18 verbose filtered diff   'libs/grid/tsconfig.lib.json',
18 verbose filtered diff   'libs/grid/tsconfig.spec.json'
18 verbose filtered diff ]
19 verbose updated @vaenthecheesegrater/grid
20 verbose git-describe undefined => "@vaenthecheesegrater/grid@0.0.6-4-gc46510c"
21 silly git-describe parsed => {"lastTagName":"@vaenthecheesegrater/grid@0.0.6","lastVersion":"0.0.6","refCount":"4","sha":"c46510c","isDirty":false}
22 silly independent for @vaenthecheesegrater/grid at C:\repos\cheese-grater\libs\grid
23 error TypeError: Cannot read properties of undefined (reading '0')
23 error     at npa (C:\repos\cheese-grater\node_modules\lerna\node_modules\npm-package-arg\lib\npa.js:33:25)
23 error     at getChangelogConfig (C:\repos\cheese-grater\node_modules\lerna\dist\index.js:3365:56)
23 error     at C:\repos\cheese-grater\node_modules\lerna\dist\index.js:3450:28
